0x000F9B00 WRITE 43052551
0x000F9B00 READ 43052559
0x000F9B00 READ 43052609
0x000F9B00 READ 43052624
0x000F9B00 READ 43052649
0x000F9B00 READ 43052705
0x000F9B00 READ 43052713
0x000F9B00 READ 43052863
0x000F9B00 READ 43053009
0x000F9B00 READ 43053145
0x000F9B00 READ 43053291
0x000F9B00 READ 43053435
0x000F9B00 READ 43054354
0x000F9B00 READ 43054389
0x000F9B00 READ 43054400
0x000F9B00 READ 43054428
0x000F9B00 READ 43054435
0x000F9B00 READ 43054468
0x000F9B00 READ 43054495
0x000F9B00 READ 43054501
0x000F9B00 READ 43054530
0x000F9B40 WRITE 43068959
0x000F9B40 READ 43068978
0x000F9B40 READ 43068984
0x000F9B00 READ 43069010
0x000F9B00 READ 43069073
0x000F9B00 READ 43069193
0x000F9B00 WRITE 45564960
0x000F9B40 WRITE 45641146
0x000F9B00 READ 51430756
0x000F9B40 READ 51430815
0x000F9B40 READ 51511413
0x000F9B40 READ 51511966
0x000F9B40 READ 51511989
0x000F9B40 READ 51511996
0x000F9B00 READ 51512022
0x000F9B00 READ 51512035
0x000F9B00 READ 51512069
0x000F9B00 READ 51512100
0x000F9B00 READ 51512178
0x000F9B00 READ 51512193
0x000F9B00 READ 51512259
0x000F9B00 WRITE 54470131
0x000F9B40 WRITE 54485583
0x000F9B00 READ 57881157
0x000F9B40 READ 57881172
0x000F9B40 READ 57957208
0x000F9B40 READ 57957760
0x000F9B40 READ 57957783
0x000F9B40 READ 57957790
0x000F9B00 READ 57957883
0x000F9B00 READ 57957967
0x000F9B00 READ 57957983
0x000F9B00 READ 57958049
0x000F9B40 READ 61688866
0x000F9B00 READ 61689329
0x000F9B00 READ 61689338
0x000F9B00 READ 61689358
0x000F9B00 READ 61689434
0x000F9B40 READ 61689457
0x000F9B40 READ 61689484
0x000F9B00 READ 61689502
0x000F9B00 READ 61689565
0x000F9B00 READ 61689589
0x000F9B00 READ 61689611
0x000F9B00 READ 61689640
0x000F9B00 READ 61689682
0x000F9B00 READ 61689746
0x000F9B00 READ 61689767
0x000F9B00 READ 61689775
0x000F9B00 READ 61689899
0x000F9B00 READ 61689937
0x000F9B00 READ 61690022
0x000F9B00 READ 61690030
0x000F9B00 READ 61690095
0x000F9B00 READ 61690103
0x000F9B00 READ 61690144
0x000F9B00 READ 61690209
0x000F9B00 READ 61690228
0x000F9B00 READ 61690236
0x000F9B00 READ 61690392
0x000F9B00 READ 61690488
0x000F9B00 READ 61690584
0x000F9B00 READ 61690684
0x000F9B40 READ 61690845
0x000F9B40 READ 61691375
0x000F9B00 READ 61691376
0x000F9B40 READ 61691397
0x000F9B40 READ 61691404
0x000F9B00 READ 61691440
0x000F9B00 READ 61691458
0x000F9B00 READ 61691479
0x000F9B00 READ 61691519
0x000F9B00 READ 61691585
0x000F9B00 READ 61691642
0x000F9B00 READ 61691698
0x000F1FC0 WRITE 61692235
0x000F1FC0 READ 61692264
0x000F1FC0 READ 61692652
0x000F1FC0 READ 61692678
0x000FCC40 WRITE 61695022
