0x000F6E00 WRITE 10965372
0x000F6E00 READ 10965415
0x000F6E00 READ 10965439
0x000F6E00 READ 10965624
0x000F6E00 READ 10965659
0x000F6E00 READ 10965671
0x000F6E00 READ 10965679
0x000F6E00 READ 10965702
0x000F6E00 READ 10965746
0x000F6E00 READ 10965804
0x000F6E00 READ 10965812
0x000F6E00 READ 10965854
0x000F6E00 READ 10965889
0x000F6E00 READ 10965899
0x000F6E00 READ 10965947
0x000F6E00 READ 10966006
0x000F6E00 READ 10966013
0x000F6E00 READ 10966060
0x000F6E00 READ 10966066
0x000F6E00 READ 10966139
0x000F6E00 READ 10966179
0x000F6E00 READ 10966189
0x000F6E00 READ 10966232
0x000F6E00 READ 10966238
0x000F6E00 READ 10966314
0x000F6E00 READ 10966361
0x000F6E00 READ 10966441
0x000F6E00 READ 10966455
0x000F6E00 READ 10966559
0x000F6E00 READ 10966573
0x000F6E00 READ 10966677
0x000F6E00 READ 10966691
0x000F6E00 READ 10966797
0x000F6E00 READ 10966811
0x000F6E00 READ 10966917
0x000F6E00 READ 10966931
0x000F6E00 READ 10967035
0x000F6E00 READ 10967049
0x000F6E00 READ 10967363
0x000F6E00 READ 10967614
0x000F6E00 READ 10967626
0x000F6E40 WRITE 10967778
0x000F6E00 READ 10967789
0x000F6E40 READ 10967822
0x000F6E40 READ 10967846
0x000F6E00 READ 10967959
0x000F6E00 READ 10967975
0x000F6E00 READ 10968039
0x000F6E00 READ 10968080
0x000F6E00 READ 10968117
0x000F6E00 READ 10968124
0x000F6E00 READ 10968164
0x000F6E00 READ 10968197
0x000F6E00 READ 10968208
0x000F6E00 READ 10968290
0x000F6E00 READ 10968307
0x000F6E00 READ 10968317
0x000F6E00 READ 10968522
0x000F6E00 READ 10968537
0x000F6E00 READ 10968603
0x000F6E00 READ 10968644
0x000F6E00 READ 10968702
0x000F6E00 READ 10968750
0x000F6E00 READ 10968865
0x000F6E00 READ 10968880
0x000F6E00 READ 10969061
0x000F6E00 READ 10969077
0x000F6E00 READ 10969144
0x000F6E00 READ 10969226
0x000F6E00 READ 10969339
0x000F6E00 READ 10969354
0x000F6E00 READ 10969536
0x000F6E00 READ 10969552
0x000F6E00 READ 11078525
0x000F6E40 READ 11078577
0x000F6E40 READ 11078597
0x000F6E40 READ 11078603
0x000F6E00 READ 11078766
0x000F6E00 READ 11078781
0x000F6E00 READ 11078797
0x000F6E00 READ 11078854
0x000F6E00 READ 11078863
0x000F6E40 READ 11078877
0x000F6E00 READ 11078925
0x000F6E00 READ 11078931
0x000F6E40 READ 11078936
0x000F6E40 READ 11078983
0x000F6E00 READ 11078998
0x000F6E00 READ 11079061
0x000F6E00 READ 11079080
0x000F6E00 READ 11079146
0x000F6E00 READ 11079191
0x000F6E00 READ 11079230
0x000F6E00 READ 11423375
0x000F6E00 READ 11423391
0x000F6E00 READ 11423406
0x000F6E00 READ 11423893
0x000F6E40 READ 11423945
0x000F6E40 READ 11423965
0x000F6E40 READ 11423971
0x000F6E00 READ 11424134
0x000F6E00 READ 11424148
0x000F6E40 READ 11424283
0x000F6E40 READ 11424294
0x000F6E00 READ 11424298
0x000F6E00 READ 11424351
0x000F6E00 READ 11424377
0x000F6E00 READ 11424384
0x000F6E00 READ 11424409
0x000F6E00 READ 11424499
0x000F6E00 READ 11424557
0x000F6E00 READ 11424572
0x000F6E00 READ 11424590
0x000F6E00 READ 11424600
0x000F6E00 READ 11424735
0x000F6E00 READ 11424750
0x000F6E00 READ 11424817
0x000F6E00 READ 14117105
0x000F6E40 READ 14117157
0x000F6E40 READ 14117177
0x000F6E40 READ 14117186
0x000F6E00 READ 14117414
0x000F6E00 READ 14117428
0x000F6E40 READ 14117450
0x000F6E00 READ 14117454
0x000F6E40 READ 14117498
0x000F6E40 READ 14117506
0x000F6E00 READ 14117563
0x000F6E00 READ 14117625
0x000F6E00 READ 14117631
0x000F6E00 READ 14117705
0x000F6E00 READ 14117745
0x000F6E00 READ 14117786
0x000F6E00 READ 14449045
0x000F6E40 READ 14449097
0x000F6E40 READ 14449120
0x000F6E00 READ 14449360
0x000F6E00 READ 14449367
0x000F6E40 READ 14449391
0x000F6E40 READ 14449437
0x000F6E40 READ 14449444
0x000F6E00 READ 14449451
0x000F6E00 READ 14449502
0x000F6E00 READ 14449528
0x000F6E00 READ 14449574
0x000F6E00 READ 14449624
0x000F6E00 READ 14449745
0x000F6E00 READ 14449759
0x000F6E00 READ 14449825
0x000F6E00 READ 14449864
0x000F6E00 READ 14449912
0x000F6E00 READ 16596173
0x000F6E00 READ 16596318
0x000F6E00 READ 16596333
0x000F6E00 READ 16694342
0x000F6E40 READ 16694394
0x000F6E40 READ 16694414
0x000F6E40 READ 16694421
0x000F6E00 READ 16694651
0x000F6E00 READ 16694665
0x000F6E00 READ 16694682
0x000F6E40 READ 16694689
0x000F6E00 READ 16694741
0x000F6E00 READ 16694750
0x000F6E40 READ 16694763
0x000F6E40 READ 16694788
0x000F6E00 READ 16694803
0x000F6E00 READ 16694819
0x000F6E00 READ 16694831
0x000F6E00 READ 16694876
0x000F6E00 READ 16694908
0x000F6E00 READ 16694948
0x000F6E00 READ 16694992
0x000F6E00 READ 16695032
0x000F6E00 READ 16856940
0x000F6E00 READ 16856971
0x000F6E00 READ 16857066
0x000F6E00 READ 16857081
0x000F6E00 READ 16857194
0x000F6E00 READ 16857208
0x000F6E00 READ 17025494
0x000F6E40 READ 17025546
0x000F6E40 READ 17025568
0x000F6E40 READ 17025575
0x000F6E00 READ 17025738
0x000F6E00 READ 17025751
0x000F6E00 READ 17025774
0x000F6E00 READ 17025812
0x000F6E00 READ 17025820
0x000F6E00 READ 17025884
0x000F6E00 READ 17025902
0x000F6E40 READ 17025908
0x000F6E00 READ 17025921
0x000F6E40 READ 17025923
0x000F6E00 READ 17026023
0x000F6E00 READ 17026061
0x000F6E00 READ 17026102
0x000F6E00 READ 17026143
0x000F6E00 READ 17026182
0x000F6E00 READ 17026249
0x000F6E00 READ 17026301
0x000F6E00 READ 17026315
0x000F6E00 READ 17026426
0x000F6E00 READ 17026442
0x000F6E00 READ 17026547
0x000F6E00 READ 17026558
0x000F6E00 READ 18816929
0x000F6E00 READ 18816952
0x000F6E00 READ 18817025
0x000F6E00 READ 18817039
0x000F6E00 READ 18912647
0x000F6E40 READ 18912699
0x000F6E40 READ 18912720
0x000F6E40 READ 18912726
0x000F6E00 READ 18912876
0x000F6E00 READ 18912883
0x000F6E00 READ 18912967
0x000F6E40 READ 18912991
0x000F6E00 READ 18913018
0x000F6E40 READ 18913056
0x000F6E40 READ 18913082
0x000F6E00 READ 18913085
0x000F6E00 READ 18913098
0x000F6E00 READ 18913122
0x000F6E00 READ 18913232
0x000F6E00 READ 18913271
0x000F6E00 READ 18913312
0x000F6E00 READ 18913352
0x000F6E00 READ 19075172
0x000F6E00 READ 19075195
0x000F6E00 READ 19075210
0x000F6E00 READ 19075261
0x000F6E00 READ 19075299
0x000F6E00 READ 19075315
0x000F6E00 READ 19075329
0x000F6E00 READ 19075433
0x000F6E00 READ 19075445
0x000F6E00 READ 19075557
0x000F6E00 READ 19075569
0x000F6E00 READ 19083539
0x000F6E40 READ 19083591
0x000F6E40 READ 19083613
0x000F6E40 READ 19083620
0x000F6E00 READ 19083743
0x000F6E00 READ 19083857
0x000F6E40 READ 19083973
0x000F6E40 READ 19083999
0x000F6E00 READ 19084030
0x000F6E00 READ 19084062
0x000F6E00 READ 19084073
0x000F6E00 READ 19084149
0x000F6E00 READ 19084190
0x000F6E00 READ 19084231
0x000F6E00 READ 19084270
0x000F6E00 READ 19084311
0x000F6E00 READ 19084352
0x000F6E00 READ 19084505
0x000F6E00 READ 19084558
0x000F6E00 READ 19084596
0x000F6E00 READ 19084607
0x000F6E00 READ 19084709
0x000F6E00 READ 19084717
0x000F6E00 READ 20614910
0x000F6E40 READ 20614962
0x000F6E40 READ 20614983
0x000F6E00 READ 20615129
0x000F6E00 READ 20615196
0x000F6E40 READ 20615338
0x000F6E00 READ 20615344
0x000F6E00 READ 20615363
0x000F6E40 READ 20615368
0x000F6E00 READ 20615375
0x000F6E00 READ 20615385
0x000F6E00 READ 20615414
0x000F6E00 READ 20615515
0x000F6E00 READ 20615555
0x000F6E00 READ 20615596
0x000F6E00 READ 20615635
0x000F6E00 READ 20615675
0x000F6E00 READ 20615734
0x000F6E00 READ 20615743
0x000F6E00 READ 20615780
0x000F6E00 READ 20615820
0x000F6E00 READ 20777772
0x000F6E00 READ 20777865
0x000F6E00 READ 20777878
0x000F6E00 READ 20785788
0x000F6E40 READ 20785840
0x000F6E40 READ 20785863
0x000F6E40 READ 20785869
0x000F6E00 READ 20786078
0x000F6E40 READ 20786212
0x000F6E40 READ 20786238
0x000F6E00 READ 20786269
0x000F6E00 READ 20786300
0x000F6E00 READ 20786312
0x000F6E00 READ 20786386
0x000F6E00 READ 20786427
0x000F6E00 READ 20786473
0x000F6E00 READ 20786519
0x000F6E00 READ 20786565
0x000F6E00 READ 20786606
0x000F6E00 READ 20786646
0x000F6E00 READ 20786662
0x000F6E00 READ 20786678
0x000F6E00 READ 20786738
0x000F6E00 READ 20786769
0x000F6E00 READ 20786822
0x000F6E00 READ 20786859
0x000F6E00 READ 20786868
0x000F6E00 READ 20786972
0x000F6E00 READ 20786980
0x000F6E00 READ 20787084
0x000F6E00 READ 20787093
0x000F6E00 READ 21860949
0x000F6E00 READ 21860974
0x000F6E00 READ 21860997
0x000F6E00 READ 21861063
0x000F6E00 READ 21861074
0x000F6E00 READ 21958933
0x000F6E40 READ 21958985
0x000F6E40 READ 21959005
0x000F6E00 READ 21959219
0x000F6E40 READ 21959355
0x000F6E40 READ 21959383
0x000F6E00 READ 21959407
0x000F6E00 READ 21959435
0x000F6E00 READ 21959552
0x000F6E00 READ 21959593
0x000F6E00 READ 21959636
0x000F6E00 READ 21959696
0x000F6E00 READ 21959706
0x000F6E00 READ 21959773
0x000F6E00 READ 21959813
0x000F6E00 READ 21959872
0x000F6E00 READ 21959880
0x000F6E00 READ 21959909
0x000F6E00 READ 21959915
0x000F6E00 READ 21959936
0x000F6E00 READ 21959946
0x000F6E00 READ 21960047
0x000F6E00 READ 21960056
0x000F6E00 READ 21960160
0x000F6E00 READ 21960170
0x000F6E00 READ 22129206
0x000F6E40 READ 22129258
0x000F6E40 READ 22129281
0x000F6E00 READ 22129496
0x000F6E40 READ 22129632
0x000F6E40 READ 22129661
0x000F6E00 READ 22129687
0x000F6E00 READ 22129712
0x000F6E00 READ 22129832
0x000F6E00 READ 22129874
0x000F6E00 READ 22129915
0x000F6E00 READ 22129973
0x000F6E00 READ 22130022
0x000F6E00 READ 22130028
0x000F6E00 READ 22130048
0x000F6E00 READ 22130057
0x000F6E00 READ 22130160
0x000F6E00 READ 22130168
0x000F6E00 READ 22130238
0x000F6E00 READ 22130279
0x000F6E00 READ 22130429
0x000F6E00 READ 22130437
0x000F6E00 READ 22130540
0x000F6E00 READ 22130549
0x000F6E00 READ 22130620
0x000F6E00 READ 22130724
0x000F6E00 READ 22130759
0x000F6E00 READ 22130767
0x000F6E00 READ 22943562
0x000F6E40 READ 22943616
0x000F6E40 READ 22943639
0x000F6E00 READ 22943858
0x000F6E40 READ 22943997
0x000F6E40 READ 22944025
0x000F6E00 READ 22944049
0x000F6E00 READ 22944077
0x000F6E00 READ 22944193
0x000F6E00 READ 22944234
0x000F6E00 READ 22944268
0x000F6E00 READ 22944278
0x000F6E00 READ 22944360
0x000F6E00 READ 22944377
0x000F6E00 READ 22944387
0x000F6E00 READ 22944513
0x000F6E00 READ 22944523
0x000F6E00 READ 22944590
0x000F6E00 READ 22944654
0x000F6E00 READ 22944664
0x000F6E00 READ 22944731
0x000F6E00 READ 22944826
0x000F6E00 READ 22944836
0x000F6E00 READ 22944903
0x000F6E00 READ 22945028
0x000F6E00 READ 22945036
0x000F6E00 READ 22945141
0x000F6E00 READ 22945149
0x000F6E00 READ 23112139
0x000F6E40 READ 23112191
0x000F6E40 READ 23112214
0x000F6E40 READ 23112220
0x000F6E00 READ 23112421
0x000F6E40 READ 23112546
0x000F6E40 READ 23112554
0x000F6E00 READ 23112641
0x000F6E00 READ 23112724
0x000F6E00 READ 23112764
0x000F6E00 READ 23112846
0x000F6E00 READ 23113001
0x000F6E00 READ 23113009
0x000F6E00 READ 23113078
0x000F6E00 READ 23113137
0x000F6E00 READ 23113147
0x000F6E00 READ 23113197
0x000F6E00 READ 23113241
0x000F6E00 READ 23113300
0x000F6E00 READ 23113312
0x000F6E00 READ 23113380
0x000F6E00 READ 23113504
0x000F6E00 READ 23113539
0x000F6E00 READ 23113547
0x000F6E00 READ 23113652
0x000F6E00 READ 23113660
0x000F6E00 READ 23113763
0x000F6E00 READ 23113772
0x000F6E00 READ 23113876
0x000F6E00 READ 23113884
0x000F6E00 READ 23567627
0x000F6E40 READ 23567679
0x000F6E40 READ 23567702
0x000F6E00 READ 23567967
0x000F6E40 READ 23568038
0x000F6E40 READ 23568050
0x000F6E00 READ 23568246
0x000F6E00 READ 23568305
0x000F6E00 READ 23568315
0x000F6E00 READ 23568350
0x000F6E00 READ 23568408
0x000F6E00 READ 23568418
0x000F6E00 READ 23568454
0x000F6E00 READ 23568512
0x000F6E00 READ 23568522
0x000F6E00 READ 23568556
0x000F6E00 READ 23568615
0x000F6E00 READ 23568625
0x000F6E00 READ 23568660
0x000F6E00 READ 23568718
0x000F6E00 READ 23568728
0x000F6E00 READ 23568761
0x000F6E00 READ 23568864
0x000F6E00 READ 23568912
0x000F6E00 READ 23568996
0x000F6E00 READ 23569004
0x000F6E00 READ 23569109
0x000F6E00 READ 23569117
0x000F6E00 READ 23569222
0x000F6E00 READ 23569229
0x000F6E00 READ 23569333
0x000F6E00 READ 23569342
0x000F6E00 READ 23569444
0x000F6E00 READ 23569453
0x000F6E00 READ 23569557
0x000F6E00 READ 23569564
0x000F6E00 READ 23569713
0x000F6E40 READ 23569765
0x000F6E40 READ 23569788
0x000F6E40 READ 23569794
0x000F6E00 READ 23569996
0x000F6E40 READ 23570133
0x000F6E40 READ 23570161
0x000F6E00 READ 23570179
0x000F6E00 READ 23570204
0x000F6E00 READ 23570239
0x000F6E00 READ 23570321
0x000F6E00 READ 23570402
0x000F6E00 READ 23570411
0x000F6E00 READ 23570463
0x000F6E00 READ 23570503
0x000F6E00 READ 23570543
0x000F6E00 READ 23570603
0x000F6E00 READ 23570714
0x000F6E00 READ 23570791
0x000F6E00 READ 23570799
0x000F6E00 READ 23570868
0x000F6E00 READ 23570927
0x000F6E00 READ 23570964
0x000F6E00 READ 23571011
0x000F6E00 READ 23571018
0x000F6E00 READ 23571123
0x000F6E00 READ 23571131
0x000F6E00 READ 23571234
0x000F6E00 READ 23571244
0x000F6E00 READ 23571311
0x000F6E00 READ 23571436
0x000F6E00 READ 23571444
0x000F6E00 READ 23571549
0x000F6E00 READ 23571557
0x000F6E00 READ 23571714
0x000F6E40 READ 23571766
0x000F6E40 READ 23571789
0x000F6E00 READ 23571964
0x000F6E00 READ 23571978
0x000F6E00 READ 23571996
0x000F6E00 READ 23572039
0x000F6E40 READ 23572064
0x000F6E00 READ 23572108
0x000F6E00 READ 23572116
0x000F6E40 READ 23572130
0x000F6E40 READ 23572155
0x000F6E00 READ 23572173
0x000F6E00 READ 23572189
0x000F6E00 READ 23572200
0x000F6E00 READ 23572246
0x000F6E00 READ 23572277
0x000F6E00 READ 23572315
0x000F6E00 READ 23572355
0x000F6E00 READ 23572396
0x000E4F40 WRITE 23572758
0x000E4F40 READ 23572763
0x000E4F40 READ 23572805
0x000E4F40 READ 23572933
0x000E4F40 READ 23573041
0x000E4F40 READ 23573076
0x000E4F40 READ 23573084
0x000E4F40 READ 23573109
0x000E4F40 READ 23573124
0x000E4F40 READ 23573189
0x000E4F40 READ 23573196
0x000E4F40 READ 23573220
0x000E4F40 READ 23573320
0x000DE100 WRITE 23573724
